Determining if the include file windows.h exists failed with the following output:
Change Dir: /home/diagoras/root_cern/root/builddir/builtins/pcre/PCRE-prefix/src/PCRE-build/CMakeFiles/CMakeTmp

Run Build Command(s):/usr/bin/make cmTC_08178/fast && make[3]: Entering directory '/home/diagoras/root_cern/root/builddir/builtins/pcre/PCRE-prefix/src/PCRE-build/CMakeFiles/CMakeTmp'
/usr/bin/make -f CMakeFiles/cmTC_08178.dir/build.make CMakeFiles/cmTC_08178.dir/build
make[4]: Entering directory '/home/diagoras/root_cern/root/builddir/builtins/pcre/PCRE-prefix/src/PCRE-build/CMakeFiles/CMakeTmp'
Building C object CMakeFiles/cmTC_08178.dir/CheckIncludeFile.c.o
/usr/bin/cc   -fPIE   -o CMakeFiles/cmTC_08178.dir/CheckIncludeFile.c.o   -c /home/diagoras/root_cern/root/builddir/builtins/pcre/PCRE-prefix/src/PCRE-build/CMakeFiles/CMakeTmp/CheckIncludeFile.c
/home/diagoras/root_cern/root/builddir/builtins/pcre/PCRE-prefix/src/PCRE-build/CMakeFiles/CMakeTmp/CheckIncludeFile.c:1:10: fatal error: windows.h: No such file or directory
    1 | #include <windows.h>
      |          ^~~~~~~~~~~
compilation terminated.
make[4]: *** [CMakeFiles/cmTC_08178.dir/build.make:66: CMakeFiles/cmTC_08178.dir/CheckIncludeFile.c.o] Error 1
make[4]: Leaving directory '/home/diagoras/root_cern/root/builddir/builtins/pcre/PCRE-prefix/src/PCRE-build/CMakeFiles/CMakeTmp'
make[3]: *** [Makefile:121: cmTC_08178/fast] Error 2
make[3]: Leaving directory '/home/diagoras/root_cern/root/builddir/builtins/pcre/PCRE-prefix/src/PCRE-build/CMakeFiles/CMakeTmp'



Determining if the include file type_traits.h exists failed with the following output:
Change Dir: /home/diagoras/root_cern/root/builddir/builtins/pcre/PCRE-prefix/src/PCRE-build/CMakeFiles/CMakeTmp

Run Build Command(s):/usr/bin/make cmTC_53983/fast && make[3]: Entering directory '/home/diagoras/root_cern/root/builddir/builtins/pcre/PCRE-prefix/src/PCRE-build/CMakeFiles/CMakeTmp'
/usr/bin/make -f CMakeFiles/cmTC_53983.dir/build.make CMakeFiles/cmTC_53983.dir/build
make[4]: Entering directory '/home/diagoras/root_cern/root/builddir/builtins/pcre/PCRE-prefix/src/PCRE-build/CMakeFiles/CMakeTmp'
Building CXX object CMakeFiles/cmTC_53983.dir/CheckIncludeFile.cxx.o
/usr/bin/c++    -fPIE   -o CMakeFiles/cmTC_53983.dir/CheckIncludeFile.cxx.o -c /home/diagoras/root_cern/root/builddir/builtins/pcre/PCRE-prefix/src/PCRE-build/CMakeFiles/CMakeTmp/CheckIncludeFile.cxx
/home/diagoras/root_cern/root/builddir/builtins/pcre/PCRE-prefix/src/PCRE-build/CMakeFiles/CMakeTmp/CheckIncludeFile.cxx:1:10: fatal error: type_traits.h: No such file or directory
    1 | #include <type_traits.h>
      |          ^~~~~~~~~~~~~~~
compilation terminated.
make[4]: *** [CMakeFiles/cmTC_53983.dir/build.make:66: CMakeFiles/cmTC_53983.dir/CheckIncludeFile.cxx.o] Error 1
make[4]: Leaving directory '/home/diagoras/root_cern/root/builddir/builtins/pcre/PCRE-prefix/src/PCRE-build/CMakeFiles/CMakeTmp'
make[3]: *** [Makefile:121: cmTC_53983/fast] Error 2
make[3]: Leaving directory '/home/diagoras/root_cern/root/builddir/builtins/pcre/PCRE-prefix/src/PCRE-build/CMakeFiles/CMakeTmp'



Determining if the include file bits/type_traits.h exists failed with the following output:
Change Dir: /home/diagoras/root_cern/root/builddir/builtins/pcre/PCRE-prefix/src/PCRE-build/CMakeFiles/CMakeTmp

Run Build Command(s):/usr/bin/make cmTC_1aabe/fast && make[3]: Entering directory '/home/diagoras/root_cern/root/builddir/builtins/pcre/PCRE-prefix/src/PCRE-build/CMakeFiles/CMakeTmp'
/usr/bin/make -f CMakeFiles/cmTC_1aabe.dir/build.make CMakeFiles/cmTC_1aabe.dir/build
make[4]: Entering directory '/home/diagoras/root_cern/root/builddir/builtins/pcre/PCRE-prefix/src/PCRE-build/CMakeFiles/CMakeTmp'
Building CXX object CMakeFiles/cmTC_1aabe.dir/CheckIncludeFile.cxx.o
/usr/bin/c++    -fPIE   -o CMakeFiles/cmTC_1aabe.dir/CheckIncludeFile.cxx.o -c /home/diagoras/root_cern/root/builddir/builtins/pcre/PCRE-prefix/src/PCRE-build/CMakeFiles/CMakeTmp/CheckIncludeFile.cxx
/home/diagoras/root_cern/root/builddir/builtins/pcre/PCRE-prefix/src/PCRE-build/CMakeFiles/CMakeTmp/CheckIncludeFile.cxx:1:10: fatal error: bits/type_traits.h: No such file or directory
    1 | #include <bits/type_traits.h>
      |          ^~~~~~~~~~~~~~~~~~~~
compilation terminated.
make[4]: *** [CMakeFiles/cmTC_1aabe.dir/build.make:66: CMakeFiles/cmTC_1aabe.dir/CheckIncludeFile.cxx.o] Error 1
make[4]: Leaving directory '/home/diagoras/root_cern/root/builddir/builtins/pcre/PCRE-prefix/src/PCRE-build/CMakeFiles/CMakeTmp'
make[3]: *** [Makefile:121: cmTC_1aabe/fast] Error 2
make[3]: Leaving directory '/home/diagoras/root_cern/root/builddir/builtins/pcre/PCRE-prefix/src/PCRE-build/CMakeFiles/CMakeTmp'



Determining if the function _strtoi64 exists failed with the following output:
Change Dir: /home/diagoras/root_cern/root/builddir/builtins/pcre/PCRE-prefix/src/PCRE-build/CMakeFiles/CMakeTmp

Run Build Command(s):/usr/bin/make cmTC_8240e/fast && make[3]: Entering directory '/home/diagoras/root_cern/root/builddir/builtins/pcre/PCRE-prefix/src/PCRE-build/CMakeFiles/CMakeTmp'
/usr/bin/make -f CMakeFiles/cmTC_8240e.dir/build.make CMakeFiles/cmTC_8240e.dir/build
make[4]: Entering directory '/home/diagoras/root_cern/root/builddir/builtins/pcre/PCRE-prefix/src/PCRE-build/CMakeFiles/CMakeTmp'
Building C object CMakeFiles/cmTC_8240e.dir/CheckFunctionExists.c.o
/usr/bin/cc   -DCHECK_FUNCTION_EXISTS=_strtoi64 -fPIE   -o CMakeFiles/cmTC_8240e.dir/CheckFunctionExists.c.o   -c /usr/share/cmake-3.16/Modules/CheckFunctionExists.c
Linking C executable cmTC_8240e
/usr/bin/cmake -E cmake_link_script CMakeFiles/cmTC_8240e.dir/link.txt --verbose=1
/usr/bin/cc  -DCHECK_FUNCTION_EXISTS=_strtoi64    -rdynamic CMakeFiles/cmTC_8240e.dir/CheckFunctionExists.c.o  -o cmTC_8240e 
/usr/bin/ld: CMakeFiles/cmTC_8240e.dir/CheckFunctionExists.c.o: in function `main':
CheckFunctionExists.c:(.text+0x14): undefined reference to `_strtoi64'
collect2: error: ld returned 1 exit status
make[4]: *** [CMakeFiles/cmTC_8240e.dir/build.make:87: cmTC_8240e] Error 1
make[4]: Leaving directory '/home/diagoras/root_cern/root/builddir/builtins/pcre/PCRE-prefix/src/PCRE-build/CMakeFiles/CMakeTmp'
make[3]: *** [Makefile:121: cmTC_8240e/fast] Error 2
make[3]: Leaving directory '/home/diagoras/root_cern/root/builddir/builtins/pcre/PCRE-prefix/src/PCRE-build/CMakeFiles/CMakeTmp'



