Performing C SOURCE FILE Test CMAKE_HAVE_LIBC_PTHREAD failed with the following output:
Change Dir: /home/diagoras/root_cern/root/builddir/CMakeFiles/CMakeTmp

Run Build Command(s):/usr/bin/make cmTC_32427/fast && /usr/bin/make -f CMakeFiles/cmTC_32427.dir/build.make CMakeFiles/cmTC_32427.dir/build
make[1]: Entering directory '/home/diagoras/root_cern/root/builddir/CMakeFiles/CMakeTmp'
Building C object CMakeFiles/cmTC_32427.dir/src.c.o
/usr/bin/cc   -DCMAKE_HAVE_LIBC_PTHREAD   -o CMakeFiles/cmTC_32427.dir/src.c.o   -c /home/diagoras/root_cern/root/builddir/CMakeFiles/CMakeTmp/src.c
Linking C executable cmTC_32427
/usr/bin/cmake -E cmake_link_script CMakeFiles/cmTC_32427.dir/link.txt --verbose=1
/usr/bin/cc  -DCMAKE_HAVE_LIBC_PTHREAD    CMakeFiles/cmTC_32427.dir/src.c.o  -o cmTC_32427 
/usr/bin/ld: CMakeFiles/cmTC_32427.dir/src.c.o: in function `main':
src.c:(.text+0x46): undefined reference to `pthread_create'
/usr/bin/ld: src.c:(.text+0x52): undefined reference to `pthread_detach'
/usr/bin/ld: src.c:(.text+0x63): undefined reference to `pthread_join'
collect2: error: ld returned 1 exit status
make[1]: *** [CMakeFiles/cmTC_32427.dir/build.make:87: cmTC_32427] Error 1
make[1]: Leaving directory '/home/diagoras/root_cern/root/builddir/CMakeFiles/CMakeTmp'
make: *** [Makefile:121: cmTC_32427/fast] Error 2


Source file was:
#include <pthread.h>

void* test_func(void* data)
{
  return data;
}

int main(void)
{
  pthread_t thread;
  pthread_create(&thread, NULL, test_func, NULL);
  pthread_detach(thread);
  pthread_join(thread, NULL);
  pthread_atfork(NULL, NULL, NULL);
  pthread_exit(NULL);

  return 0;
}

Determining if the function pthread_create exists in the pthreads failed with the following output:
Change Dir: /home/diagoras/root_cern/root/builddir/CMakeFiles/CMakeTmp

Run Build Command(s):/usr/bin/make cmTC_24fca/fast && /usr/bin/make -f CMakeFiles/cmTC_24fca.dir/build.make CMakeFiles/cmTC_24fca.dir/build
make[1]: Entering directory '/home/diagoras/root_cern/root/builddir/CMakeFiles/CMakeTmp'
Building C object CMakeFiles/cmTC_24fca.dir/CheckFunctionExists.c.o
/usr/bin/cc   -DCHECK_FUNCTION_EXISTS=pthread_create   -o CMakeFiles/cmTC_24fca.dir/CheckFunctionExists.c.o   -c /usr/share/cmake-3.16/Modules/CheckFunctionExists.c
Linking C executable cmTC_24fca
/usr/bin/cmake -E cmake_link_script CMakeFiles/cmTC_24fca.dir/link.txt --verbose=1
/usr/bin/cc  -DCHECK_FUNCTION_EXISTS=pthread_create    CMakeFiles/cmTC_24fca.dir/CheckFunctionExists.c.o  -o cmTC_24fca  -lpthreads 
/usr/bin/ld: cannot find -lpthreads
collect2: error: ld returned 1 exit status
make[1]: *** [CMakeFiles/cmTC_24fca.dir/build.make:87: cmTC_24fca] Error 1
make[1]: Leaving directory '/home/diagoras/root_cern/root/builddir/CMakeFiles/CMakeTmp'
make: *** [Makefile:121: cmTC_24fca/fast] Error 2



Determining if the function sgemm_ exists failed with the following output:
Change Dir: /home/diagoras/root_cern/root/builddir/CMakeFiles/CMakeTmp

Run Build Command(s):/usr/bin/make cmTC_c1842/fast && /usr/bin/make -f CMakeFiles/cmTC_c1842.dir/build.make CMakeFiles/cmTC_c1842.dir/build
make[1]: Entering directory '/home/diagoras/root_cern/root/builddir/CMakeFiles/CMakeTmp'
Building C object CMakeFiles/cmTC_c1842.dir/CheckFunctionExists.c.o
/usr/bin/cc   -Wno-implicit-fallthrough -pipe -Wall -W -pthread -DCHECK_FUNCTION_EXISTS=sgemm_   -o CMakeFiles/cmTC_c1842.dir/CheckFunctionExists.c.o   -c /usr/share/cmake-3.16/Modules/CheckFunctionExists.c
Linking C executable cmTC_c1842
/usr/bin/cmake -E cmake_link_script CMakeFiles/cmTC_c1842.dir/link.txt --verbose=1
/usr/bin/cc  -Wno-implicit-fallthrough -pipe -Wall -W -pthread -DCHECK_FUNCTION_EXISTS=sgemm_   -rdynamic  CMakeFiles/cmTC_c1842.dir/CheckFunctionExists.c.o  -o cmTC_c1842 
/usr/bin/ld: CMakeFiles/cmTC_c1842.dir/CheckFunctionExists.c.o: in function `main':
CheckFunctionExists.c:(.text+0x14): undefined reference to `sgemm_'
collect2: error: ld returned 1 exit status
make[1]: *** [CMakeFiles/cmTC_c1842.dir/build.make:87: cmTC_c1842] Error 1
make[1]: Leaving directory '/home/diagoras/root_cern/root/builddir/CMakeFiles/CMakeTmp'
make: *** [Makefile:121: cmTC_c1842/fast] Error 2



Determining if the include file malloc/malloc.h exists failed with the following output:
Change Dir: /home/diagoras/root_cern/root/builddir/CMakeFiles/CMakeTmp

Run Build Command(s):/usr/bin/make cmTC_1fd1f/fast && /usr/bin/make -f CMakeFiles/cmTC_1fd1f.dir/build.make CMakeFiles/cmTC_1fd1f.dir/build
make[1]: Entering directory '/home/diagoras/root_cern/root/builddir/CMakeFiles/CMakeTmp'
Building C object CMakeFiles/cmTC_1fd1f.dir/CheckIncludeFile.c.o
/usr/bin/cc   -Wno-implicit-fallthrough -pipe -Wall -W -pthread    -o CMakeFiles/cmTC_1fd1f.dir/CheckIncludeFile.c.o   -c /home/diagoras/root_cern/root/builddir/CMakeFiles/CMakeTmp/CheckIncludeFile.c
/home/diagoras/root_cern/root/builddir/CMakeFiles/CMakeTmp/CheckIncludeFile.c:1:10: fatal error: malloc/malloc.h: No such file or directory
    1 | #include <malloc/malloc.h>
      |          ^~~~~~~~~~~~~~~~~
compilation terminated.
make[1]: *** [CMakeFiles/cmTC_1fd1f.dir/build.make:66: CMakeFiles/cmTC_1fd1f.dir/CheckIncludeFile.c.o] Error 1
make[1]: Leaving directory '/home/diagoras/root_cern/root/builddir/CMakeFiles/CMakeTmp'
make: *** [Makefile:121: cmTC_1fd1f/fast] Error 2



Determining if the include file valgrind/valgrind.h exists failed with the following output:
Change Dir: /home/diagoras/root_cern/root/builddir/CMakeFiles/CMakeTmp

Run Build Command(s):/usr/bin/make cmTC_b5a02/fast && /usr/bin/make -f CMakeFiles/cmTC_b5a02.dir/build.make CMakeFiles/cmTC_b5a02.dir/build
make[1]: Entering directory '/home/diagoras/root_cern/root/builddir/CMakeFiles/CMakeTmp'
Building C object CMakeFiles/cmTC_b5a02.dir/CheckIncludeFile.c.o
/usr/bin/cc   -Wno-implicit-fallthrough -pipe -Wall -W -pthread    -o CMakeFiles/cmTC_b5a02.dir/CheckIncludeFile.c.o   -c /home/diagoras/root_cern/root/builddir/CMakeFiles/CMakeTmp/CheckIncludeFile.c
/home/diagoras/root_cern/root/builddir/CMakeFiles/CMakeTmp/CheckIncludeFile.c:1:10: fatal error: valgrind/valgrind.h: No such file or directory
    1 | #include <valgrind/valgrind.h>
      |          ^~~~~~~~~~~~~~~~~~~~~
compilation terminated.
make[1]: *** [CMakeFiles/cmTC_b5a02.dir/build.make:66: CMakeFiles/cmTC_b5a02.dir/CheckIncludeFile.c.o] Error 1
make[1]: Leaving directory '/home/diagoras/root_cern/root/builddir/CMakeFiles/CMakeTmp'
make: *** [Makefile:121: cmTC_b5a02/fast] Error 2



Determining if the include file mach/mach.h exists failed with the following output:
Change Dir: /home/diagoras/root_cern/root/builddir/CMakeFiles/CMakeTmp

Run Build Command(s):/usr/bin/make cmTC_bd531/fast && /usr/bin/make -f CMakeFiles/cmTC_bd531.dir/build.make CMakeFiles/cmTC_bd531.dir/build
make[1]: Entering directory '/home/diagoras/root_cern/root/builddir/CMakeFiles/CMakeTmp'
Building C object CMakeFiles/cmTC_bd531.dir/CheckIncludeFile.c.o
/usr/bin/cc   -Wno-implicit-fallthrough -pipe -Wall -W -pthread    -o CMakeFiles/cmTC_bd531.dir/CheckIncludeFile.c.o   -c /home/diagoras/root_cern/root/builddir/CMakeFiles/CMakeTmp/CheckIncludeFile.c
/home/diagoras/root_cern/root/builddir/CMakeFiles/CMakeTmp/CheckIncludeFile.c:1:10: fatal error: mach/mach.h: No such file or directory
    1 | #include <mach/mach.h>
      |          ^~~~~~~~~~~~~
compilation terminated.
make[1]: *** [CMakeFiles/cmTC_bd531.dir/build.make:66: CMakeFiles/cmTC_bd531.dir/CheckIncludeFile.c.o] Error 1
make[1]: Leaving directory '/home/diagoras/root_cern/root/builddir/CMakeFiles/CMakeTmp'
make: *** [Makefile:121: cmTC_bd531/fast] Error 2



Determining if the include file histedit.h exists failed with the following output:
Change Dir: /home/diagoras/root_cern/root/builddir/CMakeFiles/CMakeTmp

Run Build Command(s):/usr/bin/make cmTC_2aa06/fast && /usr/bin/make -f CMakeFiles/cmTC_2aa06.dir/build.make CMakeFiles/cmTC_2aa06.dir/build
make[1]: Entering directory '/home/diagoras/root_cern/root/builddir/CMakeFiles/CMakeTmp'
Building C object CMakeFiles/cmTC_2aa06.dir/CheckIncludeFile.c.o
/usr/bin/cc   -Wno-implicit-fallthrough -pipe -Wall -W -pthread    -o CMakeFiles/cmTC_2aa06.dir/CheckIncludeFile.c.o   -c /home/diagoras/root_cern/root/builddir/CMakeFiles/CMakeTmp/CheckIncludeFile.c
/home/diagoras/root_cern/root/builddir/CMakeFiles/CMakeTmp/CheckIncludeFile.c:1:10: fatal error: histedit.h: No such file or directory
    1 | #include <histedit.h>
      |          ^~~~~~~~~~~~
compilation terminated.
make[1]: *** [CMakeFiles/cmTC_2aa06.dir/build.make:66: CMakeFiles/cmTC_2aa06.dir/CheckIncludeFile.c.o] Error 1
make[1]: Leaving directory '/home/diagoras/root_cern/root/builddir/CMakeFiles/CMakeTmp'
make: *** [Makefile:121: cmTC_2aa06/fast] Error 2



Determining if the include file CrashReporterClient.h exists failed with the following output:
Change Dir: /home/diagoras/root_cern/root/builddir/CMakeFiles/CMakeTmp

Run Build Command(s):/usr/bin/make cmTC_3b7cd/fast && /usr/bin/make -f CMakeFiles/cmTC_3b7cd.dir/build.make CMakeFiles/cmTC_3b7cd.dir/build
make[1]: Entering directory '/home/diagoras/root_cern/root/builddir/CMakeFiles/CMakeTmp'
Building C object CMakeFiles/cmTC_3b7cd.dir/CheckIncludeFile.c.o
/usr/bin/cc   -Wno-implicit-fallthrough -pipe -Wall -W -pthread    -o CMakeFiles/cmTC_3b7cd.dir/CheckIncludeFile.c.o   -c /home/diagoras/root_cern/root/builddir/CMakeFiles/CMakeTmp/CheckIncludeFile.c
/home/diagoras/root_cern/root/builddir/CMakeFiles/CMakeTmp/CheckIncludeFile.c:1:10: fatal error: CrashReporterClient.h: No such file or directory
    1 | #include <CrashReporterClient.h>
      |          ^~~~~~~~~~~~~~~~~~~~~~~
compilation terminated.
make[1]: *** [CMakeFiles/cmTC_3b7cd.dir/build.make:66: CMakeFiles/cmTC_3b7cd.dir/CheckIncludeFile.c.o] Error 1
make[1]: Leaving directory '/home/diagoras/root_cern/root/builddir/CMakeFiles/CMakeTmp'
make: *** [Makefile:121: cmTC_3b7cd/fast] Error 2



Determining if the function pfm_initialize exists in the pfm failed with the following output:
Change Dir: /home/diagoras/root_cern/root/builddir/CMakeFiles/CMakeTmp

Run Build Command(s):/usr/bin/make cmTC_7dd72/fast && /usr/bin/make -f CMakeFiles/cmTC_7dd72.dir/build.make CMakeFiles/cmTC_7dd72.dir/build
make[1]: Entering directory '/home/diagoras/root_cern/root/builddir/CMakeFiles/CMakeTmp'
Building C object CMakeFiles/cmTC_7dd72.dir/CheckFunctionExists.c.o
/usr/bin/cc   -Wno-implicit-fallthrough -pipe -Wall -W -pthread -DCHECK_FUNCTION_EXISTS=pfm_initialize   -o CMakeFiles/cmTC_7dd72.dir/CheckFunctionExists.c.o   -c /usr/share/cmake-3.16/Modules/CheckFunctionExists.c
Linking C executable cmTC_7dd72
/usr/bin/cmake -E cmake_link_script CMakeFiles/cmTC_7dd72.dir/link.txt --verbose=1
/usr/bin/cc  -Wno-implicit-fallthrough -pipe -Wall -W -pthread -DCHECK_FUNCTION_EXISTS=pfm_initialize   -rdynamic  CMakeFiles/cmTC_7dd72.dir/CheckFunctionExists.c.o  -o cmTC_7dd72  -lpfm -lm 
/usr/bin/ld: cannot find -lpfm
collect2: error: ld returned 1 exit status
make[1]: *** [CMakeFiles/cmTC_7dd72.dir/build.make:87: cmTC_7dd72] Error 1
make[1]: Leaving directory '/home/diagoras/root_cern/root/builddir/CMakeFiles/CMakeTmp'
make: *** [Makefile:121: cmTC_7dd72/fast] Error 2



Determining if the function setupterm exists in the terminfo failed with the following output:
Change Dir: /home/diagoras/root_cern/root/builddir/CMakeFiles/CMakeTmp

Run Build Command(s):/usr/bin/make cmTC_a94ac/fast && /usr/bin/make -f CMakeFiles/cmTC_a94ac.dir/build.make CMakeFiles/cmTC_a94ac.dir/build
make[1]: Entering directory '/home/diagoras/root_cern/root/builddir/CMakeFiles/CMakeTmp'
Building C object CMakeFiles/cmTC_a94ac.dir/CheckFunctionExists.c.o
/usr/bin/cc   -Wno-implicit-fallthrough -pipe -Wall -W -pthread -DCHECK_FUNCTION_EXISTS=setupterm   -o CMakeFiles/cmTC_a94ac.dir/CheckFunctionExists.c.o   -c /usr/share/cmake-3.16/Modules/CheckFunctionExists.c
Linking C executable cmTC_a94ac
/usr/bin/cmake -E cmake_link_script CMakeFiles/cmTC_a94ac.dir/link.txt --verbose=1
/usr/bin/cc  -Wno-implicit-fallthrough -pipe -Wall -W -pthread -DCHECK_FUNCTION_EXISTS=setupterm   -rdynamic  CMakeFiles/cmTC_a94ac.dir/CheckFunctionExists.c.o  -o cmTC_a94ac  -lterminfo -lm 
/usr/bin/ld: cannot find -lterminfo
collect2: error: ld returned 1 exit status
make[1]: *** [CMakeFiles/cmTC_a94ac.dir/build.make:87: cmTC_a94ac] Error 1
make[1]: Leaving directory '/home/diagoras/root_cern/root/builddir/CMakeFiles/CMakeTmp'
make: *** [Makefile:121: cmTC_a94ac/fast] Error 2



Determining if the function setupterm exists in the tinfo failed with the following output:
Change Dir: /home/diagoras/root_cern/root/builddir/CMakeFiles/CMakeTmp

Run Build Command(s):/usr/bin/make cmTC_2d80d/fast && /usr/bin/make -f CMakeFiles/cmTC_2d80d.dir/build.make CMakeFiles/cmTC_2d80d.dir/build
make[1]: Entering directory '/home/diagoras/root_cern/root/builddir/CMakeFiles/CMakeTmp'
Building C object CMakeFiles/cmTC_2d80d.dir/CheckFunctionExists.c.o
/usr/bin/cc   -Wno-implicit-fallthrough -pipe -Wall -W -pthread -DCHECK_FUNCTION_EXISTS=setupterm   -o CMakeFiles/cmTC_2d80d.dir/CheckFunctionExists.c.o   -c /usr/share/cmake-3.16/Modules/CheckFunctionExists.c
Linking C executable cmTC_2d80d
/usr/bin/cmake -E cmake_link_script CMakeFiles/cmTC_2d80d.dir/link.txt --verbose=1
/usr/bin/cc  -Wno-implicit-fallthrough -pipe -Wall -W -pthread -DCHECK_FUNCTION_EXISTS=setupterm   -rdynamic  CMakeFiles/cmTC_2d80d.dir/CheckFunctionExists.c.o  -o cmTC_2d80d  -ltinfo -lm 
/usr/bin/ld: cannot find -ltinfo
collect2: error: ld returned 1 exit status
make[1]: *** [CMakeFiles/cmTC_2d80d.dir/build.make:87: cmTC_2d80d] Error 1
make[1]: Leaving directory '/home/diagoras/root_cern/root/builddir/CMakeFiles/CMakeTmp'
make: *** [Makefile:121: cmTC_2d80d/fast] Error 2



Determining if the function setupterm exists in the curses failed with the following output:
Change Dir: /home/diagoras/root_cern/root/builddir/CMakeFiles/CMakeTmp

Run Build Command(s):/usr/bin/make cmTC_3a3a7/fast && /usr/bin/make -f CMakeFiles/cmTC_3a3a7.dir/build.make CMakeFiles/cmTC_3a3a7.dir/build
make[1]: Entering directory '/home/diagoras/root_cern/root/builddir/CMakeFiles/CMakeTmp'
Building C object CMakeFiles/cmTC_3a3a7.dir/CheckFunctionExists.c.o
/usr/bin/cc   -Wno-implicit-fallthrough -pipe -Wall -W -pthread -DCHECK_FUNCTION_EXISTS=setupterm   -o CMakeFiles/cmTC_3a3a7.dir/CheckFunctionExists.c.o   -c /usr/share/cmake-3.16/Modules/CheckFunctionExists.c
Linking C executable cmTC_3a3a7
/usr/bin/cmake -E cmake_link_script CMakeFiles/cmTC_3a3a7.dir/link.txt --verbose=1
/usr/bin/cc  -Wno-implicit-fallthrough -pipe -Wall -W -pthread -DCHECK_FUNCTION_EXISTS=setupterm   -rdynamic  CMakeFiles/cmTC_3a3a7.dir/CheckFunctionExists.c.o  -o cmTC_3a3a7  -lcurses -lm 
/usr/bin/ld: cannot find -lcurses
collect2: error: ld returned 1 exit status
make[1]: *** [CMakeFiles/cmTC_3a3a7.dir/build.make:87: cmTC_3a3a7] Error 1
make[1]: Leaving directory '/home/diagoras/root_cern/root/builddir/CMakeFiles/CMakeTmp'
make: *** [Makefile:121: cmTC_3a3a7/fast] Error 2



Determining if the function setupterm exists in the ncurses failed with the following output:
Change Dir: /home/diagoras/root_cern/root/builddir/CMakeFiles/CMakeTmp

Run Build Command(s):/usr/bin/make cmTC_a348c/fast && /usr/bin/make -f CMakeFiles/cmTC_a348c.dir/build.make CMakeFiles/cmTC_a348c.dir/build
make[1]: Entering directory '/home/diagoras/root_cern/root/builddir/CMakeFiles/CMakeTmp'
Building C object CMakeFiles/cmTC_a348c.dir/CheckFunctionExists.c.o
/usr/bin/cc   -Wno-implicit-fallthrough -pipe -Wall -W -pthread -DCHECK_FUNCTION_EXISTS=setupterm   -o CMakeFiles/cmTC_a348c.dir/CheckFunctionExists.c.o   -c /usr/share/cmake-3.16/Modules/CheckFunctionExists.c
Linking C executable cmTC_a348c
/usr/bin/cmake -E cmake_link_script CMakeFiles/cmTC_a348c.dir/link.txt --verbose=1
/usr/bin/cc  -Wno-implicit-fallthrough -pipe -Wall -W -pthread -DCHECK_FUNCTION_EXISTS=setupterm   -rdynamic  CMakeFiles/cmTC_a348c.dir/CheckFunctionExists.c.o  -o cmTC_a348c  -lncurses -lm 
/usr/bin/ld: cannot find -lncurses
collect2: error: ld returned 1 exit status
make[1]: *** [CMakeFiles/cmTC_a348c.dir/build.make:87: cmTC_a348c] Error 1
make[1]: Leaving directory '/home/diagoras/root_cern/root/builddir/CMakeFiles/CMakeTmp'
make: *** [Makefile:121: cmTC_a348c/fast] Error 2



Determining if the function setupterm exists in the ncursesw failed with the following output:
Change Dir: /home/diagoras/root_cern/root/builddir/CMakeFiles/CMakeTmp

Run Build Command(s):/usr/bin/make cmTC_72b4a/fast && /usr/bin/make -f CMakeFiles/cmTC_72b4a.dir/build.make CMakeFiles/cmTC_72b4a.dir/build
make[1]: Entering directory '/home/diagoras/root_cern/root/builddir/CMakeFiles/CMakeTmp'
Building C object CMakeFiles/cmTC_72b4a.dir/CheckFunctionExists.c.o
/usr/bin/cc   -Wno-implicit-fallthrough -pipe -Wall -W -pthread -DCHECK_FUNCTION_EXISTS=setupterm   -o CMakeFiles/cmTC_72b4a.dir/CheckFunctionExists.c.o   -c /usr/share/cmake-3.16/Modules/CheckFunctionExists.c
Linking C executable cmTC_72b4a
/usr/bin/cmake -E cmake_link_script CMakeFiles/cmTC_72b4a.dir/link.txt --verbose=1
/usr/bin/cc  -Wno-implicit-fallthrough -pipe -Wall -W -pthread -DCHECK_FUNCTION_EXISTS=setupterm   -rdynamic  CMakeFiles/cmTC_72b4a.dir/CheckFunctionExists.c.o  -o cmTC_72b4a  -lncursesw -lm 
/usr/bin/ld: cannot find -lncursesw
collect2: error: ld returned 1 exit status
make[1]: *** [CMakeFiles/cmTC_72b4a.dir/build.make:87: cmTC_72b4a] Error 1
make[1]: Leaving directory '/home/diagoras/root_cern/root/builddir/CMakeFiles/CMakeTmp'
make: *** [Makefile:121: cmTC_72b4a/fast] Error 2



Determining if the function xar_open exists in the xar failed with the following output:
Change Dir: /home/diagoras/root_cern/root/builddir/CMakeFiles/CMakeTmp

Run Build Command(s):/usr/bin/make cmTC_fcb8c/fast && /usr/bin/make -f CMakeFiles/cmTC_fcb8c.dir/build.make CMakeFiles/cmTC_fcb8c.dir/build
make[1]: Entering directory '/home/diagoras/root_cern/root/builddir/CMakeFiles/CMakeTmp'
Building C object CMakeFiles/cmTC_fcb8c.dir/CheckFunctionExists.c.o
/usr/bin/cc   -Wno-implicit-fallthrough -pipe -Wall -W -pthread -DCHECK_FUNCTION_EXISTS=xar_open   -o CMakeFiles/cmTC_fcb8c.dir/CheckFunctionExists.c.o   -c /usr/share/cmake-3.16/Modules/CheckFunctionExists.c
Linking C executable cmTC_fcb8c
/usr/bin/cmake -E cmake_link_script CMakeFiles/cmTC_fcb8c.dir/link.txt --verbose=1
/usr/bin/cc  -Wno-implicit-fallthrough -pipe -Wall -W -pthread -DCHECK_FUNCTION_EXISTS=xar_open   -rdynamic  CMakeFiles/cmTC_fcb8c.dir/CheckFunctionExists.c.o  -o cmTC_fcb8c  -lxar -lm 
/usr/bin/ld: cannot find -lxar
collect2: error: ld returned 1 exit status
make[1]: *** [CMakeFiles/cmTC_fcb8c.dir/build.make:87: cmTC_fcb8c] Error 1
make[1]: Leaving directory '/home/diagoras/root_cern/root/builddir/CMakeFiles/CMakeTmp'
make: *** [Makefile:121: cmTC_fcb8c/fast] Error 2



Determining if the arc4random exist failed with the following output:
Change Dir: /home/diagoras/root_cern/root/builddir/CMakeFiles/CMakeTmp

Run Build Command(s):/usr/bin/make cmTC_89832/fast && /usr/bin/make -f CMakeFiles/cmTC_89832.dir/build.make CMakeFiles/cmTC_89832.dir/build
make[1]: Entering directory '/home/diagoras/root_cern/root/builddir/CMakeFiles/CMakeTmp'
Building C object CMakeFiles/cmTC_89832.dir/CheckSymbolExists.c.o
/usr/bin/cc   -Wno-implicit-fallthrough -pipe -Wall -W -pthread    -o CMakeFiles/cmTC_89832.dir/CheckSymbolExists.c.o   -c /home/diagoras/root_cern/root/builddir/CMakeFiles/CMakeTmp/CheckSymbolExists.c
/home/diagoras/root_cern/root/builddir/CMakeFiles/CMakeTmp/CheckSymbolExists.c: In function 'main':
/home/diagoras/root_cern/root/builddir/CMakeFiles/CMakeTmp/CheckSymbolExists.c:8:19: error: 'arc4random' undeclared (first use in this function); did you mean 'srandom'?
    8 |   return ((int*)(&arc4random))[argc];
      |                   ^~~~~~~~~~
      |                   srandom
/home/diagoras/root_cern/root/builddir/CMakeFiles/CMakeTmp/CheckSymbolExists.c:8:19: note: each undeclared identifier is reported only once for each function it appears in
/home/diagoras/root_cern/root/builddir/CMakeFiles/CMakeTmp/CheckSymbolExists.c:4:14: warning: parameter 'argc' set but not used [-Wunused-but-set-parameter]
    4 | int main(int argc, char** argv)
      |          ~~~~^~~~
make[1]: *** [CMakeFiles/cmTC_89832.dir/build.make:66: CMakeFiles/cmTC_89832.dir/CheckSymbolExists.c.o] Error 1
make[1]: Leaving directory '/home/diagoras/root_cern/root/builddir/CMakeFiles/CMakeTmp'
make: *** [Makefile:121: cmTC_89832/fast] Error 2


File /home/diagoras/root_cern/root/builddir/CMakeFiles/CMakeTmp/CheckSymbolExists.c:
/* */
#include <stdlib.h>

int main(int argc, char** argv)
{
  (void)argv;
#ifndef arc4random
  return ((int*)(&arc4random))[argc];
#else
  (void)argc;
  return 0;
#endif
}
Performing C SOURCE FILE Test C_SUPPORTS_WERROR_UNGUARDED_AVAILABILITY_NEW failed with the following output:
Change Dir: /home/diagoras/root_cern/root/builddir/CMakeFiles/CMakeTmp

Run Build Command(s):/usr/bin/make cmTC_17f96/fast && /usr/bin/make -f CMakeFiles/cmTC_17f96.dir/build.make CMakeFiles/cmTC_17f96.dir/build
make[1]: Entering directory '/home/diagoras/root_cern/root/builddir/CMakeFiles/CMakeTmp'
Building C object CMakeFiles/cmTC_17f96.dir/src.c.o
/usr/bin/cc   -Wno-implicit-fallthrough -pipe -Wall -W -pthread -DC_SUPPORTS_WERROR_UNGUARDED_AVAILABILITY_NEW   -Werror=unguarded-availability-new -o CMakeFiles/cmTC_17f96.dir/src.c.o   -c /home/diagoras/root_cern/root/builddir/CMakeFiles/CMakeTmp/src.c
cc1: error: '-Werror=unguarded-availability-new': no option -Wunguarded-availability-new
make[1]: *** [CMakeFiles/cmTC_17f96.dir/build.make:66: CMakeFiles/cmTC_17f96.dir/src.c.o] Error 1
make[1]: Leaving directory '/home/diagoras/root_cern/root/builddir/CMakeFiles/CMakeTmp'
make: *** [Makefile:121: cmTC_17f96/fast] Error 2


Source file was:
int main(void) { return 0; }
Determining if the mallctl exist failed with the following output:
Change Dir: /home/diagoras/root_cern/root/builddir/CMakeFiles/CMakeTmp

Run Build Command(s):/usr/bin/make cmTC_6abb7/fast && /usr/bin/make -f CMakeFiles/cmTC_6abb7.dir/build.make CMakeFiles/cmTC_6abb7.dir/build
make[1]: Entering directory '/home/diagoras/root_cern/root/builddir/CMakeFiles/CMakeTmp'
Building C object CMakeFiles/cmTC_6abb7.dir/CheckSymbolExists.c.o
/usr/bin/cc   -Wno-implicit-fallthrough -pipe -Wall -W -pthread    -o CMakeFiles/cmTC_6abb7.dir/CheckSymbolExists.c.o   -c /home/diagoras/root_cern/root/builddir/CMakeFiles/CMakeTmp/CheckSymbolExists.c
/home/diagoras/root_cern/root/builddir/CMakeFiles/CMakeTmp/CheckSymbolExists.c:2:10: fatal error: malloc_np.h: No such file or directory
    2 | #include <malloc_np.h>
      |          ^~~~~~~~~~~~~
compilation terminated.
make[1]: *** [CMakeFiles/cmTC_6abb7.dir/build.make:66: CMakeFiles/cmTC_6abb7.dir/CheckSymbolExists.c.o] Error 1
make[1]: Leaving directory '/home/diagoras/root_cern/root/builddir/CMakeFiles/CMakeTmp'
make: *** [Makefile:121: cmTC_6abb7/fast] Error 2


File /home/diagoras/root_cern/root/builddir/CMakeFiles/CMakeTmp/CheckSymbolExists.c:
/* */
#include <malloc_np.h>

int main(int argc, char** argv)
{
  (void)argv;
#ifndef mallctl
  return ((int*)(&mallctl))[argc];
#else
  (void)argc;
  return 0;
#endif
}
Determining if the malloc_zone_statistics exist failed with the following output:
Change Dir: /home/diagoras/root_cern/root/builddir/CMakeFiles/CMakeTmp

Run Build Command(s):/usr/bin/make cmTC_b28e4/fast && /usr/bin/make -f CMakeFiles/cmTC_b28e4.dir/build.make CMakeFiles/cmTC_b28e4.dir/build
make[1]: Entering directory '/home/diagoras/root_cern/root/builddir/CMakeFiles/CMakeTmp'
Building C object CMakeFiles/cmTC_b28e4.dir/CheckSymbolExists.c.o
/usr/bin/cc   -Wno-implicit-fallthrough -pipe -Wall -W -pthread    -o CMakeFiles/cmTC_b28e4.dir/CheckSymbolExists.c.o   -c /home/diagoras/root_cern/root/builddir/CMakeFiles/CMakeTmp/CheckSymbolExists.c
/home/diagoras/root_cern/root/builddir/CMakeFiles/CMakeTmp/CheckSymbolExists.c:2:10: fatal error: malloc/malloc.h: No such file or directory
    2 | #include <malloc/malloc.h>
      |          ^~~~~~~~~~~~~~~~~
compilation terminated.
make[1]: *** [CMakeFiles/cmTC_b28e4.dir/build.make:66: CMakeFiles/cmTC_b28e4.dir/CheckSymbolExists.c.o] Error 1
make[1]: Leaving directory '/home/diagoras/root_cern/root/builddir/CMakeFiles/CMakeTmp'
make: *** [Makefile:121: cmTC_b28e4/fast] Error 2


File /home/diagoras/root_cern/root/builddir/CMakeFiles/CMakeTmp/CheckSymbolExists.c:
/* */
#include <malloc/malloc.h>

int main(int argc, char** argv)
{
  (void)argv;
#ifndef malloc_zone_statistics
  return ((int*)(&malloc_zone_statistics))[argc];
#else
  (void)argc;
  return 0;
#endif
}
Determining if the strerror_s exist failed with the following output:
Change Dir: /home/diagoras/root_cern/root/builddir/CMakeFiles/CMakeTmp

Run Build Command(s):/usr/bin/make cmTC_0af99/fast && /usr/bin/make -f CMakeFiles/cmTC_0af99.dir/build.make CMakeFiles/cmTC_0af99.dir/build
make[1]: Entering directory '/home/diagoras/root_cern/root/builddir/CMakeFiles/CMakeTmp'
Building C object CMakeFiles/cmTC_0af99.dir/CheckSymbolExists.c.o
/usr/bin/cc   -Wno-implicit-fallthrough -pipe -Wall -W -pthread    -o CMakeFiles/cmTC_0af99.dir/CheckSymbolExists.c.o   -c /home/diagoras/root_cern/root/builddir/CMakeFiles/CMakeTmp/CheckSymbolExists.c
/home/diagoras/root_cern/root/builddir/CMakeFiles/CMakeTmp/CheckSymbolExists.c: In function 'main':
/home/diagoras/root_cern/root/builddir/CMakeFiles/CMakeTmp/CheckSymbolExists.c:8:19: error: 'strerror_s' undeclared (first use in this function); did you mean 'strerror_l'?
    8 |   return ((int*)(&strerror_s))[argc];
      |                   ^~~~~~~~~~
      |                   strerror_l
/home/diagoras/root_cern/root/builddir/CMakeFiles/CMakeTmp/CheckSymbolExists.c:8:19: note: each undeclared identifier is reported only once for each function it appears in
/home/diagoras/root_cern/root/builddir/CMakeFiles/CMakeTmp/CheckSymbolExists.c:4:14: warning: parameter 'argc' set but not used [-Wunused-but-set-parameter]
    4 | int main(int argc, char** argv)
      |          ~~~~^~~~
make[1]: *** [CMakeFiles/cmTC_0af99.dir/build.make:66: CMakeFiles/cmTC_0af99.dir/CheckSymbolExists.c.o] Error 1
make[1]: Leaving directory '/home/diagoras/root_cern/root/builddir/CMakeFiles/CMakeTmp'
make: *** [Makefile:121: cmTC_0af99/fast] Error 2


File /home/diagoras/root_cern/root/builddir/CMakeFiles/CMakeTmp/CheckSymbolExists.c:
/* */
#include <string.h>

int main(int argc, char** argv)
{
  (void)argv;
#ifndef strerror_s
  return ((int*)(&strerror_s))[argc];
#else
  (void)argc;
  return 0;
#endif
}
Determining if the dladdr exist failed with the following output:
Change Dir: /home/diagoras/root_cern/root/builddir/CMakeFiles/CMakeTmp

Run Build Command(s):/usr/bin/make cmTC_c1e44/fast && /usr/bin/make -f CMakeFiles/cmTC_c1e44.dir/build.make CMakeFiles/cmTC_c1e44.dir/build
make[1]: Entering directory '/home/diagoras/root_cern/root/builddir/CMakeFiles/CMakeTmp'
Building C object CMakeFiles/cmTC_c1e44.dir/CheckSymbolExists.c.o
/usr/bin/cc   -Wno-implicit-fallthrough -pipe -Wall -W -pthread    -o CMakeFiles/cmTC_c1e44.dir/CheckSymbolExists.c.o   -c /home/diagoras/root_cern/root/builddir/CMakeFiles/CMakeTmp/CheckSymbolExists.c
/home/diagoras/root_cern/root/builddir/CMakeFiles/CMakeTmp/CheckSymbolExists.c: In function 'main':
/home/diagoras/root_cern/root/builddir/CMakeFiles/CMakeTmp/CheckSymbolExists.c:8:19: error: 'dladdr' undeclared (first use in this function)
    8 |   return ((int*)(&dladdr))[argc];
      |                   ^~~~~~
/home/diagoras/root_cern/root/builddir/CMakeFiles/CMakeTmp/CheckSymbolExists.c:8:19: note: each undeclared identifier is reported only once for each function it appears in
/home/diagoras/root_cern/root/builddir/CMakeFiles/CMakeTmp/CheckSymbolExists.c:4:14: warning: parameter 'argc' set but not used [-Wunused-but-set-parameter]
    4 | int main(int argc, char** argv)
      |          ~~~~^~~~
make[1]: *** [CMakeFiles/cmTC_c1e44.dir/build.make:66: CMakeFiles/cmTC_c1e44.dir/CheckSymbolExists.c.o] Error 1
make[1]: Leaving directory '/home/diagoras/root_cern/root/builddir/CMakeFiles/CMakeTmp'
make: *** [Makefile:121: cmTC_c1e44/fast] Error 2


File /home/diagoras/root_cern/root/builddir/CMakeFiles/CMakeTmp/CheckSymbolExists.c:
/* */
#include <dlfcn.h>

int main(int argc, char** argv)
{
  (void)argv;
#ifndef dladdr
  return ((int*)(&dladdr))[argc];
#else
  (void)argc;
  return 0;
#endif
}
Performing C SOURCE FILE Test HAVE_STRUCT_STAT_ST_MTIMESPEC_TV_NSEC failed with the following output:
Change Dir: /home/diagoras/root_cern/root/builddir/CMakeFiles/CMakeTmp

Run Build Command(s):/usr/bin/make cmTC_c4cdc/fast && /usr/bin/make -f CMakeFiles/cmTC_c4cdc.dir/build.make CMakeFiles/cmTC_c4cdc.dir/build
make[1]: Entering directory '/home/diagoras/root_cern/root/builddir/CMakeFiles/CMakeTmp'
Building C object CMakeFiles/cmTC_c4cdc.dir/src.c.o
/usr/bin/cc   -Wno-implicit-fallthrough -pipe -Wall -W -pthread -DHAVE_STRUCT_STAT_ST_MTIMESPEC_TV_NSEC   -o CMakeFiles/cmTC_c4cdc.dir/src.c.o   -c /home/diagoras/root_cern/root/builddir/CMakeFiles/CMakeTmp/src.c
/home/diagoras/root_cern/root/builddir/CMakeFiles/CMakeTmp/src.c: In function 'main':
/home/diagoras/root_cern/root/builddir/CMakeFiles/CMakeTmp/src.c:7:34: error: 'struct stat' has no member named 'st_mtimespec'
    7 |   (void)sizeof(((struct stat *)0)->st_mtimespec.tv_nsec);
      |                                  ^~
make[1]: *** [CMakeFiles/cmTC_c4cdc.dir/build.make:66: CMakeFiles/cmTC_c4cdc.dir/src.c.o] Error 1
make[1]: Leaving directory '/home/diagoras/root_cern/root/builddir/CMakeFiles/CMakeTmp'
make: *** [Makefile:121: cmTC_c4cdc/fast] Error 2


Source file was:

#include <sys/types.h>
#include <sys/stat.h>

int main()
{
  (void)sizeof(((struct stat *)0)->st_mtimespec.tv_nsec);
  return 0;
}

Performing C++ SOURCE FILE Test SUPPORTS_GNU_ZERO_VARIADIC_MACRO_ARGUMENTS_FLAG failed with the following output:
Change Dir: /home/diagoras/root_cern/root/builddir/CMakeFiles/CMakeTmp

Run Build Command(s):/usr/bin/make cmTC_ca990/fast && /usr/bin/make -f CMakeFiles/cmTC_ca990.dir/build.make CMakeFiles/cmTC_ca990.dir/build
make[1]: Entering directory '/home/diagoras/root_cern/root/builddir/CMakeFiles/CMakeTmp'
Building CXX object CMakeFiles/cmTC_ca990.dir/src.cxx.o
/usr/bin/c++    -std=c++14 -Wno-implicit-fallthrough -Wno-noexcept-type -pipe  -Wshadow -Wall -W -Woverloaded-virtual -fsigned-char -pthread  -DSUPPORTS_GNU_ZERO_VARIADIC_MACRO_ARGUMENTS_FLAG   -Wgnu-zero-variadic-macro-arguments -std=c++14 -o CMakeFiles/cmTC_ca990.dir/src.cxx.o -c /home/diagoras/root_cern/root/builddir/CMakeFiles/CMakeTmp/src.cxx
c++: error: unrecognized command line option '-Wgnu-zero-variadic-macro-arguments'
make[1]: *** [CMakeFiles/cmTC_ca990.dir/build.make:66: CMakeFiles/cmTC_ca990.dir/src.cxx.o] Error 1
make[1]: Leaving directory '/home/diagoras/root_cern/root/builddir/CMakeFiles/CMakeTmp'
make: *** [Makefile:121: cmTC_ca990/fast] Error 2


Source file was:
int main() { return 0;}
Performing C++ SOURCE FILE Test CXX_SUPPORTS_WERROR_UNGUARDED_AVAILABILITY_NEW failed with the following output:
Change Dir: /home/diagoras/root_cern/root/builddir/CMakeFiles/CMakeTmp

Run Build Command(s):/usr/bin/make cmTC_dc489/fast && /usr/bin/make -f CMakeFiles/cmTC_dc489.dir/build.make CMakeFiles/cmTC_dc489.dir/build
make[1]: Entering directory '/home/diagoras/root_cern/root/builddir/CMakeFiles/CMakeTmp'
Building CXX object CMakeFiles/cmTC_dc489.dir/src.cxx.o
/usr/bin/c++    -std=c++14 -Wno-implicit-fallthrough -Wno-noexcept-type -pipe  -Wshadow -Wall -W -Woverloaded-virtual -fsigned-char -pthread  -fPIC -fvisibility-inlines-hidden -Werror=date-time -DCXX_SUPPORTS_WERROR_UNGUARDED_AVAILABILITY_NEW   -Werror -Werror=unguarded-availability-new -std=c++14 -o CMakeFiles/cmTC_dc489.dir/src.cxx.o -c /home/diagoras/root_cern/root/builddir/CMakeFiles/CMakeTmp/src.cxx
cc1plus: error: '-Werror=unguarded-availability-new': no option -Wunguarded-availability-new
make[1]: *** [CMakeFiles/cmTC_dc489.dir/build.make:66: CMakeFiles/cmTC_dc489.dir/src.cxx.o] Error 1
make[1]: Leaving directory '/home/diagoras/root_cern/root/builddir/CMakeFiles/CMakeTmp'
make: *** [Makefile:121: cmTC_dc489/fast] Error 2


Source file was:
int main() { return 0;}
Determining if the os_signpost_interval_begin exist failed with the following output:
Change Dir: /home/diagoras/root_cern/root/builddir/CMakeFiles/CMakeTmp

Run Build Command(s):/usr/bin/make cmTC_3e388/fast && /usr/bin/make -f CMakeFiles/cmTC_3e388.dir/build.make CMakeFiles/cmTC_3e388.dir/build
make[1]: Entering directory '/home/diagoras/root_cern/root/builddir/CMakeFiles/CMakeTmp'
Building C object CMakeFiles/cmTC_3e388.dir/CheckSymbolExists.c.o
/usr/bin/cc -D_GNU_SOURCE  -Wno-implicit-fallthrough -pipe -Wall -W -pthread -fPIC -Werror=date-time -w -ffunction-sections -fdata-sections    -o CMakeFiles/cmTC_3e388.dir/CheckSymbolExists.c.o   -c /home/diagoras/root_cern/root/builddir/CMakeFiles/CMakeTmp/CheckSymbolExists.c
/home/diagoras/root_cern/root/builddir/CMakeFiles/CMakeTmp/CheckSymbolExists.c:2:10: fatal error: os/signpost.h: No such file or directory
    2 | #include <os/signpost.h>
      |          ^~~~~~~~~~~~~~~
compilation terminated.
make[1]: *** [CMakeFiles/cmTC_3e388.dir/build.make:66: CMakeFiles/cmTC_3e388.dir/CheckSymbolExists.c.o] Error 1
make[1]: Leaving directory '/home/diagoras/root_cern/root/builddir/CMakeFiles/CMakeTmp'
make: *** [Makefile:121: cmTC_3e388/fast] Error 2


File /home/diagoras/root_cern/root/builddir/CMakeFiles/CMakeTmp/CheckSymbolExists.c:
/* */
#include <os/signpost.h>

int main(int argc, char** argv)
{
  (void)argv;
#ifndef os_signpost_interval_begin
  return ((int*)(&os_signpost_interval_begin))[argc];
#else
  (void)argc;
  return 0;
#endif
}
Performing C++ SOURCE FILE Test CXX_SUPPORTS_NO_NESTED_ANON_TYPES_FLAG failed with the following output:
Change Dir: /home/diagoras/root_cern/root/builddir/CMakeFiles/CMakeTmp

Run Build Command(s):/usr/bin/make cmTC_de9ec/fast && /usr/bin/make -f CMakeFiles/cmTC_de9ec.dir/build.make CMakeFiles/cmTC_de9ec.dir/build
make[1]: Entering directory '/home/diagoras/root_cern/root/builddir/CMakeFiles/CMakeTmp'
Building CXX object CMakeFiles/cmTC_de9ec.dir/src.cxx.o
/usr/bin/c++    -std=c++14 -Wno-implicit-fallthrough -Wno-noexcept-type -pipe  -Wshadow -Wall -W -Woverloaded-virtual -fsigned-char -pthread  -fPIC -fvisibility-inlines-hidden -Werror=date-time -std=c++1y -w -ffunction-sections -fdata-sections -fno-common -Woverloaded-virtual -fno-strict-aliasing -DCXX_SUPPORTS_NO_NESTED_ANON_TYPES_FLAG   -Werror -Wnested-anon-types -std=c++14 -o CMakeFiles/cmTC_de9ec.dir/src.cxx.o -c /home/diagoras/root_cern/root/builddir/CMakeFiles/CMakeTmp/src.cxx
c++: error: unrecognized command line option '-Wnested-anon-types'
make[1]: *** [CMakeFiles/cmTC_de9ec.dir/build.make:66: CMakeFiles/cmTC_de9ec.dir/src.cxx.o] Error 1
make[1]: Leaving directory '/home/diagoras/root_cern/root/builddir/CMakeFiles/CMakeTmp'
make: *** [Makefile:121: cmTC_de9ec/fast] Error 2


Source file was:
int main() { return 0;}
Determining if the m exist failed with the following output:
Change Dir: /home/diagoras/root_cern/root/builddir/CMakeFiles/CMakeTmp

Run Build Command(s):/usr/bin/make cmTC_c17b1/fast && /usr/bin/make -f CMakeFiles/cmTC_c17b1.dir/build.make CMakeFiles/cmTC_c17b1.dir/build
make[1]: Entering directory '/home/diagoras/root_cern/root/builddir/CMakeFiles/CMakeTmp'
Building C object CMakeFiles/cmTC_c17b1.dir/CheckSymbolExists.c.o
/usr/bin/cc   -Wno-implicit-fallthrough -pipe -Wall -W -pthread    -o CMakeFiles/cmTC_c17b1.dir/CheckSymbolExists.c.o   -c /home/diagoras/root_cern/root/builddir/CMakeFiles/CMakeTmp/CheckSymbolExists.c
/home/diagoras/root_cern/root/builddir/CMakeFiles/CMakeTmp/CheckSymbolExists.c:2:10: fatal error: __sqrt_finite: No such file or directory
    2 | #include <__sqrt_finite>
      |          ^~~~~~~~~~~~~~~
compilation terminated.
make[1]: *** [CMakeFiles/cmTC_c17b1.dir/build.make:66: CMakeFiles/cmTC_c17b1.dir/CheckSymbolExists.c.o] Error 1
make[1]: Leaving directory '/home/diagoras/root_cern/root/builddir/CMakeFiles/CMakeTmp'
make: *** [Makefile:121: cmTC_c17b1/fast] Error 2


File /home/diagoras/root_cern/root/builddir/CMakeFiles/CMakeTmp/CheckSymbolExists.c:
/* */
#include <__sqrt_finite>

int main(int argc, char** argv)
{
  (void)argv;
#ifndef m
  return ((int*)(&m))[argc];
#else
  (void)argc;
  return 0;
#endif
}
Performing C++ SOURCE FILE Test found_stdstringview failed with the following output:
Change Dir: /home/diagoras/root_cern/root/builddir/CMakeFiles/CMakeTmp

Run Build Command(s):/usr/bin/make cmTC_fd762/fast && /usr/bin/make -f CMakeFiles/cmTC_fd762.dir/build.make CMakeFiles/cmTC_fd762.dir/build
make[1]: Entering directory '/home/diagoras/root_cern/root/builddir/CMakeFiles/CMakeTmp'
Building CXX object CMakeFiles/cmTC_fd762.dir/src.cxx.o
/usr/bin/c++    -std=c++14 -Wno-implicit-fallthrough -Wno-noexcept-type -pipe  -Wshadow -Wall -W -Woverloaded-virtual -fsigned-char -pthread -Dfound_stdstringview   -std=c++14 -o CMakeFiles/cmTC_fd762.dir/src.cxx.o -c /home/diagoras/root_cern/root/builddir/CMakeFiles/CMakeTmp/src.cxx
/home/diagoras/root_cern/root/builddir/CMakeFiles/CMakeTmp/src.cxx: In function 'int main()':
/home/diagoras/root_cern/root/builddir/CMakeFiles/CMakeTmp/src.cxx:2:52: error: 'string_view' is not a member of 'std'
    2 |   int main() { char arr[3] = {'B', 'a', 'r'}; std::string_view strv(arr, sizeof(arr)); return 0;}
      |                                                    ^~~~~~~~~~~
/home/diagoras/root_cern/root/builddir/CMakeFiles/CMakeTmp/src.cxx:2:52: note: 'std::string_view' is only available from C++17 onwards
/home/diagoras/root_cern/root/builddir/CMakeFiles/CMakeTmp/src.cxx:2:21: warning: unused variable 'arr' [-Wunused-variable]
    2 |   int main() { char arr[3] = {'B', 'a', 'r'}; std::string_view strv(arr, sizeof(arr)); return 0;}
      |                     ^~~
make[1]: *** [CMakeFiles/cmTC_fd762.dir/build.make:66: CMakeFiles/cmTC_fd762.dir/src.cxx.o] Error 1
make[1]: Leaving directory '/home/diagoras/root_cern/root/builddir/CMakeFiles/CMakeTmp'
make: *** [Makefile:121: cmTC_fd762/fast] Error 2


Source file was:
#include <string_view>
  int main() { char arr[3] = {'B', 'a', 'r'}; std::string_view strv(arr, sizeof(arr)); return 0;}
Performing C++ SOURCE FILE Test found_stod_stringview failed with the following output:
Change Dir: /home/diagoras/root_cern/root/builddir/CMakeFiles/CMakeTmp

Run Build Command(s):/usr/bin/make cmTC_6cdfb/fast && /usr/bin/make -f CMakeFiles/cmTC_6cdfb.dir/build.make CMakeFiles/cmTC_6cdfb.dir/build
make[1]: Entering directory '/home/diagoras/root_cern/root/builddir/CMakeFiles/CMakeTmp'
Building CXX object CMakeFiles/cmTC_6cdfb.dir/src.cxx.o
/usr/bin/c++    -std=c++14 -Wno-implicit-fallthrough -Wno-noexcept-type -pipe  -Wshadow -Wall -W -Woverloaded-virtual -fsigned-char -pthread -Dfound_stod_stringview   -std=c++14 -o CMakeFiles/cmTC_6cdfb.dir/src.cxx.o -c /home/diagoras/root_cern/root/builddir/CMakeFiles/CMakeTmp/src.cxx
/home/diagoras/root_cern/root/builddir/CMakeFiles/CMakeTmp/src.cxx: In function 'int main()':
/home/diagoras/root_cern/root/builddir/CMakeFiles/CMakeTmp/src.cxx:2:85: error: no matching function for call to 'stod(std::experimental::fundamentals_v1::string_view&, size_t*)'
    2 |      int main() { size_t pos; std::experimental::string_view str; std::stod(str,&pos); return 0;}
      |                                                                                     ^
In file included from /usr/include/c++/9/string:55,
                 from /usr/include/c++/9/experimental/string_view:40,
                 from /home/diagoras/root_cern/root/builddir/CMakeFiles/CMakeTmp/src.cxx:1:
/usr/include/c++/9/bits/basic_string.h:6533:3: note: candidate: 'double std::__cxx11::stod(const string&, std::size_t*)'
 6533 |   stod(const string& __str, size_t* __idx = 0)
      |   ^~~~
/usr/include/c++/9/bits/basic_string.h:6533:22: note:   no known conversion for argument 1 from 'std::experimental::fundamentals_v1::string_view' {aka 'std::experimental::fundamentals_v1::basic_string_view<char>'} to 'const string&' {aka 'const std::__cxx11::basic_string<char>&'}
 6533 |   stod(const string& __str, size_t* __idx = 0)
      |        ~~~~~~~~~~~~~~^~~~~
/usr/include/c++/9/bits/basic_string.h:6639:3: note: candidate: 'double std::__cxx11::stod(const wstring&, std::size_t*)'
 6639 |   stod(const wstring& __str, size_t* __idx = 0)
      |   ^~~~
/usr/include/c++/9/bits/basic_string.h:6639:23: note:   no known conversion for argument 1 from 'std::experimental::fundamentals_v1::string_view' {aka 'std::experimental::fundamentals_v1::basic_string_view<char>'} to 'const wstring&' {aka 'const std::__cxx11::basic_string<wchar_t>&'}
 6639 |   stod(const wstring& __str, size_t* __idx = 0)
      |        ~~~~~~~~~~~~~~~^~~~~
make[1]: *** [CMakeFiles/cmTC_6cdfb.dir/build.make:66: CMakeFiles/cmTC_6cdfb.dir/src.cxx.o] Error 1
make[1]: Leaving directory '/home/diagoras/root_cern/root/builddir/CMakeFiles/CMakeTmp'
make: *** [Makefile:121: cmTC_6cdfb/fast] Error 2


Source file was:
#include <experimental/string_view>
     int main() { size_t pos; std::experimental::string_view str; std::stod(str,&pos); return 0;}
Performing C++ SOURCE FILE Test found_opplusequal_stringview failed with the following output:
Change Dir: /home/diagoras/root_cern/root/builddir/CMakeFiles/CMakeTmp

Run Build Command(s):/usr/bin/make cmTC_4d61c/fast && /usr/bin/make -f CMakeFiles/cmTC_4d61c.dir/build.make CMakeFiles/cmTC_4d61c.dir/build
make[1]: Entering directory '/home/diagoras/root_cern/root/builddir/CMakeFiles/CMakeTmp'
Building CXX object CMakeFiles/cmTC_4d61c.dir/src.cxx.o
/usr/bin/c++    -std=c++14 -Wno-implicit-fallthrough -Wno-noexcept-type -pipe  -Wshadow -Wall -W -Woverloaded-virtual -fsigned-char -pthread -Dfound_opplusequal_stringview   -std=c++14 -o CMakeFiles/cmTC_4d61c.dir/src.cxx.o -c /home/diagoras/root_cern/root/builddir/CMakeFiles/CMakeTmp/src.cxx
/home/diagoras/root_cern/root/builddir/CMakeFiles/CMakeTmp/src.cxx: In function 'int main()':
/home/diagoras/root_cern/root/builddir/CMakeFiles/CMakeTmp/src.cxx:3:70: error: no match for 'operator+=' (operand types are 'std::string' {aka 'std::__cxx11::basic_string<char>'} and 'std::experimental::fundamentals_v1::string_view' {aka 'std::experimental::fundamentals_v1::basic_string_view<char>'})
    3 |      int main() { std::string s; std::experimental::string_view v; s += v; return 0;}
      |                                                                    ~~^~~~
In file included from /usr/include/c++/9/string:55,
                 from /home/diagoras/root_cern/root/builddir/CMakeFiles/CMakeTmp/src.cxx:1:
/usr/include/c++/9/bits/basic_string.h:1168:7: note: candidate: 'std::__cxx11::basic_string<_CharT, _Traits, _Alloc>& std::__cxx11::basic_string<_CharT, _Traits, _Alloc>::operator+=(const std::__cxx11::basic_string<_CharT, _Traits, _Alloc>&) [with _CharT = char; _Traits = std::char_traits<char>; _Alloc = std::allocator<char>]'
 1168 |       operator+=(const basic_string& __str)
      |       ^~~~~~~~
/usr/include/c++/9/bits/basic_string.h:1168:38: note:   no known conversion for argument 1 from 'std::experimental::fundamentals_v1::string_view' {aka 'std::experimental::fundamentals_v1::basic_string_view<char>'} to 'const std::__cxx11::basic_string<char>&'
 1168 |       operator+=(const basic_string& __str)
      |                  ~~~~~~~~~~~~~~~~~~~~^~~~~
/usr/include/c++/9/bits/basic_string.h:1177:7: note: candidate: 'std::__cxx11::basic_string<_CharT, _Traits, _Alloc>& std::__cxx11::basic_string<_CharT, _Traits, _Alloc>::operator+=(const _CharT*) [with _CharT = char; _Traits = std::char_traits<char>; _Alloc = std::allocator<char>]'
 1177 |       operator+=(const _CharT* __s)
      |       ^~~~~~~~
/usr/include/c++/9/bits/basic_string.h:1177:32: note:   no known conversion for argument 1 from 'std::experimental::fundamentals_v1::string_view' {aka 'std::experimental::fundamentals_v1::basic_string_view<char>'} to 'const char*'
 1177 |       operator+=(const _CharT* __s)
      |                  ~~~~~~~~~~~~~~^~~
/usr/include/c++/9/bits/basic_string.h:1186:7: note: candidate: 'std::__cxx11::basic_string<_CharT, _Traits, _Alloc>& std::__cxx11::basic_string<_CharT, _Traits, _Alloc>::operator+=(_CharT) [with _CharT = char; _Traits = std::char_traits<char>; _Alloc = std::allocator<char>]'
 1186 |       operator+=(_CharT __c)
      |       ^~~~~~~~
/usr/include/c++/9/bits/basic_string.h:1186:25: note:   no known conversion for argument 1 from 'std::experimental::fundamentals_v1::string_view' {aka 'std::experimental::fundamentals_v1::basic_string_view<char>'} to 'char'
 1186 |       operator+=(_CharT __c)
      |                  ~~~~~~~^~~
/usr/include/c++/9/bits/basic_string.h:1199:7: note: candidate: 'std::__cxx11::basic_string<_CharT, _Traits, _Alloc>& std::__cxx11::basic_string<_CharT, _Traits, _Alloc>::operator+=(std::initializer_list<_Tp>) [with _CharT = char; _Traits = std::char_traits<char>; _Alloc = std::allocator<char>]'
 1199 |       operator+=(initializer_list<_CharT> __l)
      |       ^~~~~~~~
/usr/include/c++/9/bits/basic_string.h:1199:43: note:   no known conversion for argument 1 from 'std::experimental::fundamentals_v1::string_view' {aka 'std::experimental::fundamentals_v1::basic_string_view<char>'} to 'std::initializer_list<char>'
 1199 |       operator+=(initializer_list<_CharT> __l)
      |                  ~~~~~~~~~~~~~~~~~~~~~~~~~^~~
make[1]: *** [CMakeFiles/cmTC_4d61c.dir/build.make:66: CMakeFiles/cmTC_4d61c.dir/src.cxx.o] Error 1
make[1]: Leaving directory '/home/diagoras/root_cern/root/builddir/CMakeFiles/CMakeTmp'
make: *** [Makefile:121: cmTC_4d61c/fast] Error 2


Source file was:
#include <string>
     #include <experimental/string_view>
     int main() { std::string s; std::experimental::string_view v; s += v; return 0;}
Performing C++ SOURCE FILE Test found_stdapply failed with the following output:
Change Dir: /home/diagoras/root_cern/root/builddir/CMakeFiles/CMakeTmp

Run Build Command(s):/usr/bin/make cmTC_2a409/fast && /usr/bin/make -f CMakeFiles/cmTC_2a409.dir/build.make CMakeFiles/cmTC_2a409.dir/build
make[1]: Entering directory '/home/diagoras/root_cern/root/builddir/CMakeFiles/CMakeTmp'
Building CXX object CMakeFiles/cmTC_2a409.dir/src.cxx.o
/usr/bin/c++    -std=c++14 -Wno-implicit-fallthrough -Wno-noexcept-type -pipe  -Wshadow -Wall -W -Woverloaded-virtual -fsigned-char -pthread -Dfound_stdapply   -std=c++14 -o CMakeFiles/cmTC_2a409.dir/src.cxx.o -c /home/diagoras/root_cern/root/builddir/CMakeFiles/CMakeTmp/src.cxx
/home/diagoras/root_cern/root/builddir/CMakeFiles/CMakeTmp/src.cxx: In function 'int main()':
/home/diagoras/root_cern/root/builddir/CMakeFiles/CMakeTmp/src.cxx:2:19: error: 'apply' is not a member of 'std'
    2 | int main() { std::apply([](int, int){}, std::make_tuple(1,2)); return 0;}
      |                   ^~~~~
make[1]: *** [CMakeFiles/cmTC_2a409.dir/build.make:66: CMakeFiles/cmTC_2a409.dir/src.cxx.o] Error 1
make[1]: Leaving directory '/home/diagoras/root_cern/root/builddir/CMakeFiles/CMakeTmp'
make: *** [Makefile:121: cmTC_2a409/fast] Error 2


Source file was:
#include <tuple>
int main() { std::apply([](int, int){}, std::make_tuple(1,2)); return 0;}
Performing C++ SOURCE FILE Test found_stdinvoke failed with the following output:
Change Dir: /home/diagoras/root_cern/root/builddir/CMakeFiles/CMakeTmp

Run Build Command(s):/usr/bin/make cmTC_3a131/fast && /usr/bin/make -f CMakeFiles/cmTC_3a131.dir/build.make CMakeFiles/cmTC_3a131.dir/build
make[1]: Entering directory '/home/diagoras/root_cern/root/builddir/CMakeFiles/CMakeTmp'
Building CXX object CMakeFiles/cmTC_3a131.dir/src.cxx.o
/usr/bin/c++    -std=c++14 -Wno-implicit-fallthrough -Wno-noexcept-type -pipe  -Wshadow -Wall -W -Woverloaded-virtual -fsigned-char -pthread -Dfound_stdinvoke   -std=c++14 -o CMakeFiles/cmTC_3a131.dir/src.cxx.o -c /home/diagoras/root_cern/root/builddir/CMakeFiles/CMakeTmp/src.cxx
/home/diagoras/root_cern/root/builddir/CMakeFiles/CMakeTmp/src.cxx: In function 'int main()':
/home/diagoras/root_cern/root/builddir/CMakeFiles/CMakeTmp/src.cxx:2:26: error: 'invoke' is not a member of 'std'
    2 | int main() { return std::invoke([](int i){return i;}, 0); }
      |                          ^~~~~~
make[1]: *** [CMakeFiles/cmTC_3a131.dir/build.make:66: CMakeFiles/cmTC_3a131.dir/src.cxx.o] Error 1
make[1]: Leaving directory '/home/diagoras/root_cern/root/builddir/CMakeFiles/CMakeTmp'
make: *** [Makefile:121: cmTC_3a131/fast] Error 2


Source file was:
#include <functional>
int main() { return std::invoke([](int i){return i;}, 0); }
